4.7810 	WARNING 	We strongly recommend you activate the PTB sound engine in PsychoPy prefs as the preferred audio engine. Its timing is vastly superior. Your prefs are currently set to use ['sounddevice', 'PTB', 'pyo', 'pygame'] (in that order).
17.0161 	WARNING 	User requested fullscreen with size [1024  768], but screen is actually [1366, 768]. Using actual size
18.6594 	EXP 	Created window1 = Window(allowGUI=True, allowStencil=False, autoLog=True, backendConf=UNKNOWN, bitsMode=UNKNOWN, blendMode='avg', bpc=(8, 8, 8), color=array([0, 0, 0]), colorSpace='rgb', depthBits=8, fullscr=<method-wrapper '__getattribute__' of attributeSetter object at 0x000001B5E675AD00>, gamma=None, gammaErrorPolicy='raise', lms=UNKNOWN, monitor=<psychopy.monitors.calibTools.Monitor object at 0x000001B5E6AF4FD0>, multiSample=False, name='window1', numSamples=2, pos=(0, 0), screen=0, size=array([1366,  768]), stencilBits=0, stereo=False, units='height', useFBO=True, useRetina=False, viewOri=0.0, viewPos=None, viewScale=None, waitBlanking=True, winType='pyglet')
18.6596 	EXP 	window1: mouseVisible = True
18.6598 	EXP 	window1: mouseVisible = False
18.6598 	EXP 	window1: Attempting to measure frame rate of screen (0) ...
18.6599 	EXP 	window1: recordFrameIntervals = False
18.8251 	EXP 	window1: recordFrameIntervals = True
19.0087 	EXP 	Screen (0) actual frame rate measured at 60.00Hz
19.0087 	EXP 	window1: recordFrameIntervals = False
21.3206 	EXP 	Created fixation = ShapeStim(__class__=<class 'psychopy.visual.shape.ShapeStim'>, anchor=('center', 'center'), autoDraw=False, autoLog=True, closeShape=True, color=method-wrapper(...), colorSpace='rgb', contrast=None, depth=-1.0, fillColor=array([1, 1, 1]), fillColorSpace='rgb', fillRGB=array([1, 1, 1]), interpolate=True, lineColor=array([1., 1., 1.]), lineColorSpace='rgb', lineRGB=array([1, 1, 1]), lineWidth=1.0, name='fixation', opacity=1.0, ori=0.0, pos=array([0., 0.]), size=array([10., 10.]), units='pix', vertices=ndarray(...), win=Window(...), windingRule=None)
21.3342 	EXP 	Created grating = GratingStim(__class__=<class 'psychopy.visual.grating.GratingStim'>, anchor='center', autoDraw=False, autoLog=True, blendmode='avg', color=array([1., 1., 1.]), colorSpace='rgb', contrast=1.0, depth=-2.0, interpolate=True, mask='circle', maskParams=None, name='grating', opacity=1.0, ori=0.0, phase=array([0., 0.]), pos=array([0., 0.]), rgbPedestal=array([0., 0., 0.]), sf=array([5., 5.]), size=array([0.1, 0.1]), tex='sin', texRes=128.0, units='height', win=Window(...))
21.3395 	EXP 	Imported C:/Users/rajvi/OneDrive/Desktop/laptop backup/Rajvi/Ahmedabad University/TY/PSY310/data/conditions_Tutorial 1.xlsx as conditions, 1 conditions, 5 params
21.6739 	EXP 	window1: recordFrameIntervals = False
21.6771 	EXP 	window1: recordFrameIntervals = False
22.6766 	EXP 	fixation: autoDraw = True
23.3688 	EXP 	grating: autoDraw = True
23.3688 	EXP 	grating: tex = 'sin'
23.6749 	EXP 	grating: autoDraw = False
23.6915 	EXP 	fixation: autoDraw = False
23.6949 	EXP 	window1: recordFrameIntervals = False
23.6970 	DATA 	Keypress: left
23.7082 	EXP 	fixation: autoDraw = False
23.7082 	EXP 	grating: autoDraw = False
23.7085 	EXP 	window1: recordFrameIntervals = False
24.6840 	EXP 	fixation: autoDraw = True
25.6914 	EXP 	fixation: autoDraw = False
25.7082 	EXP 	grating: autoDraw = True
25.7082 	EXP 	grating: tex = 'sin'
26.0081 	EXP 	grating: autoDraw = False
26.1756 	EXP 	window1: recordFrameIntervals = False
26.1762 	DATA 	Keypress: right
26.1914 	EXP 	fixation: autoDraw = False
26.1914 	EXP 	grating: autoDraw = False
26.1915 	EXP 	window1: recordFrameIntervals = False
27.1647 	EXP 	fixation: autoDraw = True
28.1747 	EXP 	fixation: autoDraw = False
28.1747 	EXP 	grating: autoDraw = True
28.1747 	EXP 	grating: tex = 'sin'
28.4745 	EXP 	grating: autoDraw = False
28.6112 	EXP 	window1: recordFrameIntervals = False
28.6131 	DATA 	Keypress: right
28.6245 	EXP 	fixation: autoDraw = False
28.6245 	EXP 	grating: autoDraw = False
28.6248 	EXP 	window1: recordFrameIntervals = False
29.6004 	EXP 	fixation: autoDraw = True
30.6076 	EXP 	fixation: autoDraw = False
30.6246 	EXP 	grating: autoDraw = True
30.6246 	EXP 	grating: tex = 'sin'
30.9244 	EXP 	grating: autoDraw = False
31.0440 	EXP 	window1: recordFrameIntervals = False
31.0454 	DATA 	Keypress: right
31.0578 	EXP 	fixation: autoDraw = False
31.0578 	EXP 	grating: autoDraw = False
31.0580 	EXP 	window1: recordFrameIntervals = False
32.0336 	EXP 	fixation: autoDraw = True
33.0409 	EXP 	fixation: autoDraw = False
33.0577 	EXP 	grating: autoDraw = True
33.0577 	EXP 	grating: tex = 'sin'
33.3576 	EXP 	grating: autoDraw = False
33.3923 	EXP 	window1: recordFrameIntervals = False
33.3932 	DATA 	Keypress: right
33.4076 	EXP 	fixation: autoDraw = False
33.4076 	EXP 	grating: autoDraw = False
33.4080 	EXP 	window1: recordFrameIntervals = False
34.3822 	EXP 	fixation: autoDraw = True
35.3911 	EXP 	fixation: autoDraw = False
35.3911 	EXP 	grating: autoDraw = True
35.3911 	EXP 	grating: tex = 'sin'
35.6908 	EXP 	grating: autoDraw = False
35.7429 	EXP 	window1: recordFrameIntervals = False
35.7441 	DATA 	Keypress: right
35.7574 	EXP 	fixation: autoDraw = False
35.7574 	EXP 	grating: autoDraw = False
35.7575 	EXP 	window1: recordFrameIntervals = False
36.7310 	EXP 	fixation: autoDraw = True
37.7407 	EXP 	fixation: autoDraw = False
37.7576 	EXP 	grating: autoDraw = True
37.7576 	EXP 	grating: tex = 'sin'
38.0573 	EXP 	grating: autoDraw = False
38.0767 	EXP 	window1: recordFrameIntervals = False
38.0783 	DATA 	Keypress: left
38.0906 	EXP 	fixation: autoDraw = False
38.0906 	EXP 	grating: autoDraw = False
38.0909 	EXP 	window1: recordFrameIntervals = False
39.0662 	EXP 	fixation: autoDraw = True
40.0740 	EXP 	fixation: autoDraw = False
40.0908 	EXP 	grating: autoDraw = True
40.0908 	EXP 	grating: tex = 'sin'
40.3907 	EXP 	grating: autoDraw = False
40.4257 	EXP 	window1: recordFrameIntervals = False
40.4263 	DATA 	Keypress: left
40.4406 	EXP 	fixation: autoDraw = False
40.4406 	EXP 	grating: autoDraw = False
40.4408 	EXP 	window1: recordFrameIntervals = False
41.4177 	EXP 	fixation: autoDraw = True
42.4239 	EXP 	fixation: autoDraw = False
42.4405 	EXP 	grating: autoDraw = True
42.4405 	EXP 	grating: tex = 'sin'
42.7405 	EXP 	grating: autoDraw = False
42.8269 	EXP 	window1: recordFrameIntervals = False
42.8283 	DATA 	Keypress: right
42.8405 	EXP 	fixation: autoDraw = False
42.8405 	EXP 	grating: autoDraw = False
42.8408 	EXP 	window1: recordFrameIntervals = False
43.8158 	EXP 	fixation: autoDraw = True
44.8237 	EXP 	fixation: autoDraw = False
44.8404 	EXP 	grating: autoDraw = True
44.8404 	EXP 	grating: tex = 'sin'
45.1404 	EXP 	grating: autoDraw = False
45.2930 	EXP 	window1: recordFrameIntervals = False
45.2946 	DATA 	Keypress: right
45.3070 	EXP 	fixation: autoDraw = False
45.3070 	EXP 	grating: autoDraw = False
45.3072 	EXP 	window1: recordFrameIntervals = False
46.2815 	EXP 	fixation: autoDraw = True
47.2903 	EXP 	fixation: autoDraw = False
47.3071 	EXP 	grating: autoDraw = True
47.3071 	EXP 	grating: tex = 'sin'
47.6069 	EXP 	grating: autoDraw = False
47.7261 	EXP 	window1: recordFrameIntervals = False
47.7274 	DATA 	Keypress: left
47.7402 	EXP 	fixation: autoDraw = False
47.7402 	EXP 	grating: autoDraw = False
47.7404 	EXP 	window1: recordFrameIntervals = False
48.7159 	EXP 	fixation: autoDraw = True
49.7235 	EXP 	fixation: autoDraw = False
49.7403 	EXP 	grating: autoDraw = True
49.7403 	EXP 	grating: tex = 'sin'
50.0404 	EXP 	grating: autoDraw = False
50.1426 	EXP 	window1: recordFrameIntervals = False
50.1441 	DATA 	Keypress: right
50.1568 	EXP 	fixation: autoDraw = False
50.1568 	EXP 	grating: autoDraw = False
50.1571 	EXP 	window1: recordFrameIntervals = False
51.1308 	EXP 	fixation: autoDraw = True
52.1400 	EXP 	fixation: autoDraw = False
52.1569 	EXP 	grating: autoDraw = True
52.1569 	EXP 	grating: tex = 'sin'
52.4567 	EXP 	grating: autoDraw = False
52.6094 	EXP 	window1: recordFrameIntervals = False
52.6109 	DATA 	Keypress: right
52.6233 	EXP 	fixation: autoDraw = False
52.6233 	EXP 	grating: autoDraw = False
52.6237 	EXP 	window1: recordFrameIntervals = False
53.5994 	EXP 	fixation: autoDraw = True
54.6066 	EXP 	fixation: autoDraw = False
54.6234 	EXP 	grating: autoDraw = True
54.6234 	EXP 	grating: tex = 'sin'
54.9232 	EXP 	grating: autoDraw = False
55.0927 	EXP 	window1: recordFrameIntervals = False
55.0943 	DATA 	Keypress: right
55.1065 	EXP 	fixation: autoDraw = False
55.1065 	EXP 	grating: autoDraw = False
55.1068 	EXP 	window1: recordFrameIntervals = False
56.0818 	EXP 	fixation: autoDraw = True
57.0896 	EXP 	fixation: autoDraw = False
57.1065 	EXP 	grating: autoDraw = True
57.1065 	EXP 	grating: tex = 'sin'
57.4066 	EXP 	grating: autoDraw = False
57.5258 	EXP 	window1: recordFrameIntervals = False
57.5273 	DATA 	Keypress: left
57.5399 	EXP 	fixation: autoDraw = False
57.5399 	EXP 	grating: autoDraw = False
57.5402 	EXP 	window1: recordFrameIntervals = False
58.5149 	EXP 	fixation: autoDraw = True
59.5231 	EXP 	fixation: autoDraw = False
59.5398 	EXP 	grating: autoDraw = True
59.5398 	EXP 	grating: tex = 'sin'
59.8397 	EXP 	grating: autoDraw = False
60.0089 	EXP 	window1: recordFrameIntervals = False
60.0104 	DATA 	Keypress: left
60.0245 	EXP 	fixation: autoDraw = False
60.0245 	EXP 	grating: autoDraw = False
60.0248 	EXP 	window1: recordFrameIntervals = False
60.9988 	EXP 	fixation: autoDraw = True
62.0062 	EXP 	fixation: autoDraw = False
62.0231 	EXP 	grating: autoDraw = True
62.0231 	EXP 	grating: tex = 'sin'
62.3228 	EXP 	grating: autoDraw = False
62.6260 	EXP 	window1: recordFrameIntervals = False
62.6274 	DATA 	Keypress: right
62.6396 	EXP 	fixation: autoDraw = False
62.6396 	EXP 	grating: autoDraw = False
62.6399 	EXP 	window1: recordFrameIntervals = False
63.6155 	EXP 	fixation: autoDraw = True
64.6228 	EXP 	fixation: autoDraw = False
64.6395 	EXP 	grating: autoDraw = True
64.6395 	EXP 	grating: tex = 'sin'
64.9395 	EXP 	grating: autoDraw = False
64.9427 	EXP 	window1: recordFrameIntervals = False
64.9441 	DATA 	Keypress: left
64.9561 	EXP 	fixation: autoDraw = False
64.9561 	EXP 	grating: autoDraw = False
64.9563 	EXP 	window1: recordFrameIntervals = False
65.9312 	EXP 	fixation: autoDraw = True
66.9394 	EXP 	fixation: autoDraw = False
66.9562 	EXP 	grating: autoDraw = True
66.9562 	EXP 	grating: tex = 'sin'
67.2422 	EXP 	window1: recordFrameIntervals = False
67.2432 	DATA 	Keypress: left
67.2560 	EXP 	grating: autoDraw = False
67.2560 	EXP 	fixation: autoDraw = False
67.2560 	EXP 	grating: autoDraw = False
67.2563 	EXP 	window1: recordFrameIntervals = False
68.2313 	EXP 	fixation: autoDraw = True
69.2392 	EXP 	fixation: autoDraw = False
69.2560 	EXP 	grating: autoDraw = True
69.2560 	EXP 	grating: tex = 'sin'
69.5559 	EXP 	grating: autoDraw = False
69.8084 	EXP 	window1: recordFrameIntervals = False
69.8100 	DATA 	Keypress: left
69.8225 	EXP 	fixation: autoDraw = False
69.8225 	EXP 	grating: autoDraw = False
69.8228 	EXP 	window1: recordFrameIntervals = False
70.7975 	EXP 	fixation: autoDraw = True
71.8059 	EXP 	fixation: autoDraw = False
71.8226 	EXP 	grating: autoDraw = True
71.8226 	EXP 	grating: tex = 'sin'
72.1224 	EXP 	grating: autoDraw = False
72.2253 	EXP 	window1: recordFrameIntervals = False
72.2271 	DATA 	Keypress: left
72.2390 	EXP 	fixation: autoDraw = False
72.2390 	EXP 	grating: autoDraw = False
72.2393 	EXP 	window1: recordFrameIntervals = False
73.2146 	EXP 	fixation: autoDraw = True
74.2224 	EXP 	fixation: autoDraw = False
74.2392 	EXP 	grating: autoDraw = True
74.2392 	EXP 	grating: tex = 'sin'
74.5391 	EXP 	grating: autoDraw = False
74.6585 	EXP 	window1: recordFrameIntervals = False
74.6602 	DATA 	Keypress: right
74.6724 	EXP 	fixation: autoDraw = False
74.6724 	EXP 	grating: autoDraw = False
74.6728 	EXP 	window1: recordFrameIntervals = False
75.6479 	EXP 	fixation: autoDraw = True
76.6557 	EXP 	fixation: autoDraw = False
76.6725 	EXP 	grating: autoDraw = True
76.6725 	EXP 	grating: tex = 'sin'
76.9723 	EXP 	grating: autoDraw = False
77.1080 	EXP 	window1: recordFrameIntervals = False
77.1096 	DATA 	Keypress: right
77.1223 	EXP 	fixation: autoDraw = False
77.1223 	EXP 	grating: autoDraw = False
77.1226 	EXP 	window1: recordFrameIntervals = False
78.0973 	EXP 	fixation: autoDraw = True
79.1056 	EXP 	fixation: autoDraw = False
79.1224 	EXP 	grating: autoDraw = True
79.1224 	EXP 	grating: tex = 'sin'
79.4222 	EXP 	grating: autoDraw = False
79.5748 	EXP 	window1: recordFrameIntervals = False
79.5762 	DATA 	Keypress: right
79.5889 	EXP 	fixation: autoDraw = False
79.5889 	EXP 	grating: autoDraw = False
79.5893 	EXP 	window1: recordFrameIntervals = False
80.5641 	EXP 	fixation: autoDraw = True
81.5724 	EXP 	fixation: autoDraw = False
81.5889 	EXP 	grating: autoDraw = True
81.5889 	EXP 	grating: tex = 'sin'
81.8888 	EXP 	grating: autoDraw = False
82.0417 	EXP 	window1: recordFrameIntervals = False
82.0432 	DATA 	Keypress: right
82.0554 	EXP 	fixation: autoDraw = False
82.0554 	EXP 	grating: autoDraw = False
82.0558 	EXP 	window1: recordFrameIntervals = False
83.0313 	EXP 	fixation: autoDraw = True
84.0385 	EXP 	fixation: autoDraw = False
84.0553 	EXP 	grating: autoDraw = True
84.0553 	EXP 	grating: tex = 'sin'
84.3552 	EXP 	grating: autoDraw = False
84.3744 	EXP 	window1: recordFrameIntervals = False
84.3758 	DATA 	Keypress: left
84.3885 	EXP 	fixation: autoDraw = False
84.3885 	EXP 	grating: autoDraw = False
84.3889 	EXP 	window1: recordFrameIntervals = False
85.3658 	EXP 	fixation: autoDraw = True
86.3718 	EXP 	fixation: autoDraw = False
86.3886 	EXP 	grating: autoDraw = True
86.3886 	EXP 	grating: tex = 'sin'
86.6884 	EXP 	grating: autoDraw = False
86.7578 	EXP 	window1: recordFrameIntervals = False
86.7591 	DATA 	Keypress: right
86.7718 	EXP 	fixation: autoDraw = False
86.7718 	EXP 	grating: autoDraw = False
86.7721 	EXP 	window1: recordFrameIntervals = False
87.7477 	EXP 	fixation: autoDraw = True
88.7550 	EXP 	fixation: autoDraw = False
88.7718 	EXP 	grating: autoDraw = True
88.7718 	EXP 	grating: tex = 'sin'
89.0717 	EXP 	grating: autoDraw = False
89.1409 	EXP 	window1: recordFrameIntervals = False
89.1426 	DATA 	Keypress: left
89.1549 	EXP 	fixation: autoDraw = False
89.1549 	EXP 	grating: autoDraw = False
89.1552 	EXP 	window1: recordFrameIntervals = False
90.1302 	EXP 	fixation: autoDraw = True
91.1382 	EXP 	fixation: autoDraw = False
91.1550 	EXP 	grating: autoDraw = True
91.1550 	EXP 	grating: tex = 'sin'
91.4551 	EXP 	grating: autoDraw = False
91.5410 	EXP 	window1: recordFrameIntervals = False
91.5424 	DATA 	Keypress: right
91.5549 	EXP 	fixation: autoDraw = False
91.5549 	EXP 	grating: autoDraw = False
91.5552 	EXP 	window1: recordFrameIntervals = False
92.5309 	EXP 	fixation: autoDraw = True
93.5381 	EXP 	fixation: autoDraw = False
93.5550 	EXP 	grating: autoDraw = True
93.5550 	EXP 	grating: tex = 'sin'
93.8547 	EXP 	grating: autoDraw = False
93.9580 	EXP 	window1: recordFrameIntervals = False
93.9595 	DATA 	Keypress: left
93.9714 	EXP 	fixation: autoDraw = False
93.9714 	EXP 	grating: autoDraw = False
93.9717 	EXP 	window1: recordFrameIntervals = False
94.9470 	EXP 	fixation: autoDraw = True
95.9547 	EXP 	fixation: autoDraw = False
95.9715 	EXP 	grating: autoDraw = True
95.9715 	EXP 	grating: tex = 'sin'
96.2713 	EXP 	grating: autoDraw = False
96.4572 	EXP 	window1: recordFrameIntervals = False
96.4585 	DATA 	Keypress: right
96.4713 	EXP 	fixation: autoDraw = False
96.4713 	EXP 	grating: autoDraw = False
96.4716 	EXP 	window1: recordFrameIntervals = False
97.4448 	EXP 	fixation: autoDraw = True
98.4546 	EXP 	fixation: autoDraw = False
98.4714 	EXP 	grating: autoDraw = True
98.4714 	EXP 	grating: tex = 'sin'
98.7712 	EXP 	grating: autoDraw = False
98.9246 	EXP 	window1: recordFrameIntervals = False
98.9263 	DATA 	Keypress: left
98.9378 	EXP 	fixation: autoDraw = False
98.9378 	EXP 	grating: autoDraw = False
98.9381 	EXP 	window1: recordFrameIntervals = False
99.9126 	EXP 	fixation: autoDraw = True
100.9211 	EXP 	fixation: autoDraw = False
100.9379 	EXP 	grating: autoDraw = True
100.9379 	EXP 	grating: tex = 'sin'
101.2377 	EXP 	grating: autoDraw = False
101.4571 	EXP 	window1: recordFrameIntervals = False
101.4586 	DATA 	Keypress: right
101.4710 	EXP 	fixation: autoDraw = False
101.4710 	EXP 	grating: autoDraw = False
101.4713 	EXP 	window1: recordFrameIntervals = False
102.4497 	EXP 	fixation: autoDraw = True
103.4543 	EXP 	fixation: autoDraw = False
103.4711 	EXP 	grating: autoDraw = True
103.4711 	EXP 	grating: tex = 'sin'
103.7710 	EXP 	grating: autoDraw = False
103.9236 	EXP 	window1: recordFrameIntervals = False
103.9251 	DATA 	Keypress: right
103.9376 	EXP 	fixation: autoDraw = False
103.9376 	EXP 	grating: autoDraw = False
103.9380 	EXP 	window1: recordFrameIntervals = False
104.9122 	EXP 	fixation: autoDraw = True
105.9208 	EXP 	fixation: autoDraw = False
105.9376 	EXP 	grating: autoDraw = True
105.9376 	EXP 	grating: tex = 'sin'
106.2375 	EXP 	grating: autoDraw = False
106.3573 	EXP 	window1: recordFrameIntervals = False
106.3587 	DATA 	Keypress: left
106.3709 	EXP 	fixation: autoDraw = False
106.3709 	EXP 	grating: autoDraw = False
106.3711 	EXP 	window1: recordFrameIntervals = False
107.3498 	EXP 	fixation: autoDraw = True
108.3541 	EXP 	fixation: autoDraw = False
108.3710 	EXP 	grating: autoDraw = True
108.3710 	EXP 	grating: tex = 'sin'
108.6707 	EXP 	grating: autoDraw = False
108.7570 	EXP 	window1: recordFrameIntervals = False
108.7584 	DATA 	Keypress: left
108.7708 	EXP 	fixation: autoDraw = False
108.7708 	EXP 	grating: autoDraw = False
108.7711 	EXP 	window1: recordFrameIntervals = False
109.7471 	EXP 	fixation: autoDraw = True
110.7542 	EXP 	fixation: autoDraw = False
110.7707 	EXP 	grating: autoDraw = True
110.7707 	EXP 	grating: tex = 'sin'
111.0706 	EXP 	grating: autoDraw = False
111.1233 	EXP 	window1: recordFrameIntervals = False
111.1248 	DATA 	Keypress: right
111.1373 	EXP 	fixation: autoDraw = False
111.1373 	EXP 	grating: autoDraw = False
111.1376 	EXP 	window1: recordFrameIntervals = False
112.1135 	EXP 	fixation: autoDraw = True
113.1205 	EXP 	fixation: autoDraw = False
113.1374 	EXP 	grating: autoDraw = True
113.1374 	EXP 	grating: tex = 'sin'
113.4373 	EXP 	grating: autoDraw = False
113.6223 	EXP 	window1: recordFrameIntervals = False
113.6231 	DATA 	Keypress: right
113.6372 	EXP 	fixation: autoDraw = False
113.6372 	EXP 	grating: autoDraw = False
113.6375 	EXP 	window1: recordFrameIntervals = False
114.6111 	EXP 	fixation: autoDraw = True
115.6204 	EXP 	fixation: autoDraw = False
115.6375 	EXP 	grating: autoDraw = True
115.6375 	EXP 	grating: tex = 'sin'
115.9370 	EXP 	grating: autoDraw = False
116.0063 	EXP 	window1: recordFrameIntervals = False
116.0081 	DATA 	Keypress: left
116.0203 	EXP 	fixation: autoDraw = False
116.0203 	EXP 	grating: autoDraw = False
116.0206 	EXP 	window1: recordFrameIntervals = False
116.9968 	EXP 	fixation: autoDraw = True
118.0036 	EXP 	fixation: autoDraw = False
118.0203 	EXP 	grating: autoDraw = True
118.0203 	EXP 	grating: tex = 'sin'
118.3203 	EXP 	grating: autoDraw = False
118.5229 	EXP 	window1: recordFrameIntervals = False
118.5244 	DATA 	Keypress: left
118.5369 	EXP 	fixation: autoDraw = False
118.5369 	EXP 	grating: autoDraw = False
118.5372 	EXP 	window1: recordFrameIntervals = False
119.5113 	EXP 	fixation: autoDraw = True
120.5202 	EXP 	fixation: autoDraw = False
120.5370 	EXP 	grating: autoDraw = True
120.5370 	EXP 	grating: tex = 'sin'
120.8368 	EXP 	grating: autoDraw = False
120.9562 	EXP 	window1: recordFrameIntervals = False
120.9577 	DATA 	Keypress: right
120.9701 	EXP 	fixation: autoDraw = False
120.9701 	EXP 	grating: autoDraw = False
120.9705 	EXP 	window1: recordFrameIntervals = False
121.9462 	EXP 	fixation: autoDraw = True
122.9534 	EXP 	fixation: autoDraw = False
122.9702 	EXP 	grating: autoDraw = True
122.9702 	EXP 	grating: tex = 'sin'
123.2700 	EXP 	grating: autoDraw = False
123.3560 	EXP 	window1: recordFrameIntervals = False
123.3581 	DATA 	Keypress: left
123.3701 	EXP 	fixation: autoDraw = False
123.3701 	EXP 	grating: autoDraw = False
123.3705 	EXP 	window1: recordFrameIntervals = False
124.3449 	EXP 	fixation: autoDraw = True
125.3532 	EXP 	fixation: autoDraw = False
125.3701 	EXP 	grating: autoDraw = True
125.3701 	EXP 	grating: tex = 'sin'
125.6699 	EXP 	grating: autoDraw = False
125.9058 	EXP 	window1: recordFrameIntervals = False
125.9075 	DATA 	Keypress: left
125.9199 	EXP 	fixation: autoDraw = False
125.9199 	EXP 	grating: autoDraw = False
125.9202 	EXP 	window1: recordFrameIntervals = False
126.8949 	EXP 	fixation: autoDraw = True
127.9031 	EXP 	fixation: autoDraw = False
127.9200 	EXP 	grating: autoDraw = True
127.9200 	EXP 	grating: tex = 'sin'
128.2204 	EXP 	grating: autoDraw = False
128.5557 	EXP 	window1: recordFrameIntervals = False
128.5572 	DATA 	Keypress: right
128.5698 	EXP 	fixation: autoDraw = False
128.5698 	EXP 	grating: autoDraw = False
128.5700 	EXP 	window1: recordFrameIntervals = False
129.5461 	EXP 	fixation: autoDraw = True
130.5530 	EXP 	fixation: autoDraw = False
130.5698 	EXP 	grating: autoDraw = True
130.5698 	EXP 	grating: tex = 'sin'
130.8697 	EXP 	grating: autoDraw = False
130.9555 	EXP 	window1: recordFrameIntervals = False
130.9570 	DATA 	Keypress: left
130.9697 	EXP 	fixation: autoDraw = False
130.9697 	EXP 	grating: autoDraw = False
130.9700 	EXP 	window1: recordFrameIntervals = False
131.9454 	EXP 	fixation: autoDraw = True
132.9530 	EXP 	fixation: autoDraw = False
132.9699 	EXP 	grating: autoDraw = True
132.9699 	EXP 	grating: tex = 'sin'
133.2697 	EXP 	grating: autoDraw = False
133.4224 	EXP 	window1: recordFrameIntervals = False
133.4238 	DATA 	Keypress: left
133.4363 	EXP 	fixation: autoDraw = False
133.4363 	EXP 	grating: autoDraw = False
133.4366 	EXP 	window1: recordFrameIntervals = False
134.4124 	EXP 	fixation: autoDraw = True
135.4196 	EXP 	fixation: autoDraw = False
135.4364 	EXP 	grating: autoDraw = True
135.4364 	EXP 	grating: tex = 'sin'
135.7362 	EXP 	grating: autoDraw = False
135.8556 	EXP 	window1: recordFrameIntervals = False
135.8571 	DATA 	Keypress: left
135.8695 	EXP 	fixation: autoDraw = False
135.8695 	EXP 	grating: autoDraw = False
135.8698 	EXP 	window1: recordFrameIntervals = False
136.8459 	EXP 	fixation: autoDraw = True
137.8527 	EXP 	fixation: autoDraw = False
137.8696 	EXP 	grating: autoDraw = True
137.8696 	EXP 	grating: tex = 'sin'
138.1694 	EXP 	grating: autoDraw = False
138.3222 	EXP 	window1: recordFrameIntervals = False
138.3236 	DATA 	Keypress: right
138.3361 	EXP 	fixation: autoDraw = False
138.3361 	EXP 	grating: autoDraw = False
138.3364 	EXP 	window1: recordFrameIntervals = False
139.3120 	EXP 	fixation: autoDraw = True
140.3193 	EXP 	fixation: autoDraw = False
140.3362 	EXP 	grating: autoDraw = True
140.3362 	EXP 	grating: tex = 'sin'
140.6360 	EXP 	grating: autoDraw = False
140.7724 	DATA 	Keypress: right
140.7886 	EXP 	window1: recordFrameIntervals = False
140.8027 	EXP 	fixation: autoDraw = False
140.8027 	EXP 	grating: autoDraw = False
140.8029 	EXP 	window1: recordFrameIntervals = False
141.7773 	EXP 	fixation: autoDraw = True
142.7858 	EXP 	fixation: autoDraw = False
142.8027 	EXP 	grating: autoDraw = True
142.8027 	EXP 	grating: tex = 'sin'
143.1025 	EXP 	grating: autoDraw = False
143.2851 	EXP 	window1: recordFrameIntervals = False
143.2857 	DATA 	Keypress: left
143.2875 	EXP 	fixation: autoDraw = False
143.2875 	EXP 	grating: autoDraw = False
143.2876 	EXP 	window1: recordFrameIntervals = False
144.2740 	EXP 	fixation: autoDraw = True
145.2859 	EXP 	fixation: autoDraw = False
145.2859 	EXP 	grating: autoDraw = True
145.2859 	EXP 	grating: tex = 'sin'
145.5857 	EXP 	grating: autoDraw = False
145.6890 	EXP 	window1: recordFrameIntervals = False
145.6902 	DATA 	Keypress: right
145.7025 	EXP 	fixation: autoDraw = False
145.7025 	EXP 	grating: autoDraw = False
145.7028 	EXP 	window1: recordFrameIntervals = False
146.6778 	EXP 	fixation: autoDraw = True
147.6857 	EXP 	fixation: autoDraw = False
147.7025 	EXP 	grating: autoDraw = True
147.7025 	EXP 	grating: tex = 'sin'
148.0024 	EXP 	grating: autoDraw = False
148.2213 	EXP 	window1: recordFrameIntervals = False
148.2228 	DATA 	Keypress: left
148.2357 	EXP 	fixation: autoDraw = False
148.2357 	EXP 	grating: autoDraw = False
148.2360 	EXP 	window1: recordFrameIntervals = False
149.2096 	EXP 	fixation: autoDraw = True
150.2188 	EXP 	fixation: autoDraw = False
150.2357 	EXP 	grating: autoDraw = True
150.2357 	EXP 	grating: tex = 'sin'
150.5356 	EXP 	grating: autoDraw = False
150.6048 	EXP 	window1: recordFrameIntervals = False
150.6063 	DATA 	Keypress: right
150.6188 	EXP 	fixation: autoDraw = False
150.6188 	EXP 	grating: autoDraw = False
150.6191 	EXP 	window1: recordFrameIntervals = False
151.5939 	EXP 	fixation: autoDraw = True
152.6022 	EXP 	fixation: autoDraw = False
152.6190 	EXP 	grating: autoDraw = True
152.6190 	EXP 	grating: tex = 'sin'
152.9187 	EXP 	grating: autoDraw = False
152.9880 	EXP 	window1: recordFrameIntervals = False
152.9894 	DATA 	Keypress: left
153.0021 	EXP 	fixation: autoDraw = False
153.0021 	EXP 	grating: autoDraw = False
153.0024 	EXP 	window1: recordFrameIntervals = False
153.9770 	EXP 	fixation: autoDraw = True
154.9853 	EXP 	fixation: autoDraw = False
155.0021 	EXP 	grating: autoDraw = True
155.0021 	EXP 	grating: tex = 'sin'
155.3021 	EXP 	grating: autoDraw = False
155.4211 	EXP 	window1: recordFrameIntervals = False
155.4225 	DATA 	Keypress: right
155.4353 	EXP 	fixation: autoDraw = False
155.4353 	EXP 	grating: autoDraw = False
155.4356 	EXP 	window1: recordFrameIntervals = False
156.4097 	EXP 	fixation: autoDraw = True
157.4210 	EXP 	fixation: autoDraw = False
157.4355 	EXP 	grating: autoDraw = True
157.4355 	EXP 	grating: tex = 'sin'
157.7352 	EXP 	grating: autoDraw = False
157.8716 	EXP 	window1: recordFrameIntervals = False
157.8730 	DATA 	Keypress: left
157.8852 	EXP 	fixation: autoDraw = False
157.8852 	EXP 	grating: autoDraw = False
157.8855 	EXP 	window1: recordFrameIntervals = False
158.8611 	EXP 	fixation: autoDraw = True
159.8685 	EXP 	fixation: autoDraw = False
159.8853 	EXP 	grating: autoDraw = True
159.8853 	EXP 	grating: tex = 'sin'
160.1852 	EXP 	grating: autoDraw = False
160.2208 	EXP 	window1: recordFrameIntervals = False
160.2225 	DATA 	Keypress: right
160.2351 	EXP 	fixation: autoDraw = False
160.2351 	EXP 	grating: autoDraw = False
160.2354 	EXP 	window1: recordFrameIntervals = False
161.2096 	EXP 	fixation: autoDraw = True
162.2183 	EXP 	fixation: autoDraw = False
162.2352 	EXP 	grating: autoDraw = True
162.2352 	EXP 	grating: tex = 'sin'
162.5350 	EXP 	grating: autoDraw = False
162.7551 	EXP 	window1: recordFrameIntervals = False
162.7566 	DATA 	Keypress: right
162.7683 	EXP 	fixation: autoDraw = False
162.7683 	EXP 	grating: autoDraw = False
162.7686 	EXP 	window1: recordFrameIntervals = False
163.7440 	EXP 	fixation: autoDraw = True
164.7515 	EXP 	fixation: autoDraw = False
164.7684 	EXP 	grating: autoDraw = True
164.7684 	EXP 	grating: tex = 'sin'
165.0682 	EXP 	grating: autoDraw = False
165.2039 	EXP 	window1: recordFrameIntervals = False
165.2052 	DATA 	Keypress: right
165.2182 	EXP 	fixation: autoDraw = False
165.2182 	EXP 	grating: autoDraw = False
165.2184 	EXP 	window1: recordFrameIntervals = False
166.1920 	EXP 	fixation: autoDraw = True
167.2014 	EXP 	fixation: autoDraw = False
167.2182 	EXP 	grating: autoDraw = True
167.2182 	EXP 	grating: tex = 'sin'
167.5181 	EXP 	grating: autoDraw = False
167.6043 	EXP 	window1: recordFrameIntervals = False
167.6059 	DATA 	Keypress: left
167.6180 	EXP 	fixation: autoDraw = False
167.6180 	EXP 	grating: autoDraw = False
167.6183 	EXP 	window1: recordFrameIntervals = False
168.5944 	EXP 	fixation: autoDraw = True
169.6013 	EXP 	fixation: autoDraw = False
169.6182 	EXP 	grating: autoDraw = True
169.6182 	EXP 	grating: tex = 'sin'
169.9180 	EXP 	grating: autoDraw = False
170.1066 	EXP 	window1: recordFrameIntervals = False
170.1079 	DATA 	Keypress: left
170.1180 	EXP 	fixation: autoDraw = False
170.1180 	EXP 	grating: autoDraw = False
170.1183 	EXP 	window1: recordFrameIntervals = False
171.0960 	EXP 	fixation: autoDraw = True
172.1012 	EXP 	fixation: autoDraw = False
172.1180 	EXP 	grating: autoDraw = True
172.1180 	EXP 	grating: tex = 'sin'
172.4178 	EXP 	grating: autoDraw = False
172.5196 	EXP 	window1: recordFrameIntervals = False
172.5205 	DATA 	Keypress: left
172.5346 	EXP 	fixation: autoDraw = False
172.5346 	EXP 	grating: autoDraw = False
172.5349 	EXP 	window1: recordFrameIntervals = False
173.5086 	EXP 	fixation: autoDraw = True
174.5178 	EXP 	fixation: autoDraw = False
174.5346 	EXP 	grating: autoDraw = True
174.5346 	EXP 	grating: tex = 'sin'
174.8343 	EXP 	grating: autoDraw = False
174.9703 	EXP 	window1: recordFrameIntervals = False
174.9717 	DATA 	Keypress: right
174.9843 	EXP 	fixation: autoDraw = False
174.9843 	EXP 	grating: autoDraw = False
174.9846 	EXP 	window1: recordFrameIntervals = False
175.9593 	EXP 	fixation: autoDraw = True
176.9676 	EXP 	fixation: autoDraw = False
176.9844 	EXP 	grating: autoDraw = True
176.9844 	EXP 	grating: tex = 'sin'
177.2843 	EXP 	grating: autoDraw = False
177.4534 	EXP 	window1: recordFrameIntervals = False
177.4550 	DATA 	Keypress: left
177.4676 	EXP 	fixation: autoDraw = False
177.4676 	EXP 	grating: autoDraw = False
177.4679 	EXP 	window1: recordFrameIntervals = False
178.4428 	EXP 	fixation: autoDraw = True
179.4508 	EXP 	fixation: autoDraw = False
179.4676 	EXP 	grating: autoDraw = True
179.4676 	EXP 	grating: tex = 'sin'
179.7674 	EXP 	grating: autoDraw = False
179.9200 	EXP 	window1: recordFrameIntervals = False
179.9216 	DATA 	Keypress: right
179.9342 	EXP 	fixation: autoDraw = False
179.9342 	EXP 	grating: autoDraw = False
179.9346 	EXP 	window1: recordFrameIntervals = False
180.9090 	EXP 	fixation: autoDraw = True
181.9173 	EXP 	fixation: autoDraw = False
181.9342 	EXP 	grating: autoDraw = True
181.9342 	EXP 	grating: tex = 'sin'
182.2340 	EXP 	grating: autoDraw = False
182.3532 	EXP 	window1: recordFrameIntervals = False
182.3551 	DATA 	Keypress: left
182.3674 	EXP 	fixation: autoDraw = False
182.3674 	EXP 	grating: autoDraw = False
182.3678 	EXP 	window1: recordFrameIntervals = False
183.3422 	EXP 	fixation: autoDraw = True
184.3506 	EXP 	fixation: autoDraw = False
184.3674 	EXP 	grating: autoDraw = True
184.3674 	EXP 	grating: tex = 'sin'
184.6673 	EXP 	grating: autoDraw = False
184.7855 	EXP 	window1: recordFrameIntervals = False
184.7863 	DATA 	Keypress: right
184.8005 	EXP 	fixation: autoDraw = False
184.8005 	EXP 	grating: autoDraw = False
184.8008 	EXP 	window1: recordFrameIntervals = False
185.7757 	EXP 	fixation: autoDraw = True
186.7839 	EXP 	fixation: autoDraw = False
186.8007 	EXP 	grating: autoDraw = True
186.8007 	EXP 	grating: tex = 'sin'
187.1007 	EXP 	grating: autoDraw = False
187.1532 	EXP 	window1: recordFrameIntervals = False
187.1547 	DATA 	Keypress: left
187.1671 	EXP 	fixation: autoDraw = False
187.1671 	EXP 	grating: autoDraw = False
187.1673 	EXP 	window1: recordFrameIntervals = False
188.1434 	EXP 	fixation: autoDraw = True
189.1506 	EXP 	fixation: autoDraw = False
189.1669 	EXP 	grating: autoDraw = True
189.1669 	EXP 	grating: tex = 'sin'
189.4672 	EXP 	grating: autoDraw = False
189.5868 	EXP 	window1: recordFrameIntervals = False
189.5883 	DATA 	Keypress: left
189.6003 	EXP 	fixation: autoDraw = False
189.6003 	EXP 	grating: autoDraw = False
189.6006 	EXP 	window1: recordFrameIntervals = False
190.5767 	EXP 	fixation: autoDraw = True
191.5834 	EXP 	fixation: autoDraw = False
191.6003 	EXP 	grating: autoDraw = True
191.6003 	EXP 	grating: tex = 'sin'
191.9001 	EXP 	grating: autoDraw = False
192.1360 	EXP 	window1: recordFrameIntervals = False
192.1373 	DATA 	Keypress: left
192.1501 	EXP 	fixation: autoDraw = False
192.1501 	EXP 	grating: autoDraw = False
192.1505 	EXP 	window1: recordFrameIntervals = False
193.1241 	EXP 	fixation: autoDraw = True
194.1333 	EXP 	fixation: autoDraw = False
194.1502 	EXP 	grating: autoDraw = True
194.1502 	EXP 	grating: tex = 'sin'
194.4500 	EXP 	grating: autoDraw = False
194.5862 	EXP 	window1: recordFrameIntervals = False
194.5875 	DATA 	Keypress: right
194.6000 	EXP 	fixation: autoDraw = False
194.6000 	EXP 	grating: autoDraw = False
194.6003 	EXP 	window1: recordFrameIntervals = False
195.5763 	EXP 	fixation: autoDraw = True
196.5832 	EXP 	fixation: autoDraw = False
196.6001 	EXP 	grating: autoDraw = True
196.6001 	EXP 	grating: tex = 'sin'
196.9000 	EXP 	grating: autoDraw = False
197.0028 	EXP 	window1: recordFrameIntervals = False
197.0042 	DATA 	Keypress: left
197.0166 	EXP 	fixation: autoDraw = False
197.0166 	EXP 	grating: autoDraw = False
197.0169 	EXP 	window1: recordFrameIntervals = False
197.9932 	EXP 	fixation: autoDraw = True
198.9997 	EXP 	fixation: autoDraw = False
199.0166 	EXP 	grating: autoDraw = True
199.0166 	EXP 	grating: tex = 'sin'
199.3164 	EXP 	grating: autoDraw = False
199.4526 	EXP 	window1: recordFrameIntervals = False
199.4542 	DATA 	Keypress: right
199.4665 	EXP 	fixation: autoDraw = False
199.4665 	EXP 	grating: autoDraw = False
199.4668 	EXP 	window1: recordFrameIntervals = False
200.4441 	EXP 	fixation: autoDraw = True
201.4497 	EXP 	fixation: autoDraw = False
201.4666 	EXP 	grating: autoDraw = True
201.4666 	EXP 	grating: tex = 'sin'
201.7663 	EXP 	grating: autoDraw = False
201.8022 	EXP 	window1: recordFrameIntervals = False
201.8037 	DATA 	Keypress: left
201.8163 	EXP 	fixation: autoDraw = False
201.8163 	EXP 	grating: autoDraw = False
201.8166 	EXP 	window1: recordFrameIntervals = False
202.7908 	EXP 	fixation: autoDraw = True
203.7995 	EXP 	fixation: autoDraw = False
203.8163 	EXP 	grating: autoDraw = True
203.8163 	EXP 	grating: tex = 'sin'
204.1161 	EXP 	grating: autoDraw = False
204.2852 	EXP 	window1: recordFrameIntervals = False
204.2868 	DATA 	Keypress: left
204.2998 	EXP 	fixation: autoDraw = False
204.2998 	EXP 	grating: autoDraw = False
204.3000 	EXP 	window1: recordFrameIntervals = False
205.2742 	EXP 	fixation: autoDraw = True
206.2829 	EXP 	fixation: autoDraw = False
206.2997 	EXP 	grating: autoDraw = True
206.2997 	EXP 	grating: tex = 'sin'
206.5996 	EXP 	grating: autoDraw = False
206.7025 	EXP 	window1: recordFrameIntervals = False
206.7042 	DATA 	Keypress: left
206.7162 	EXP 	fixation: autoDraw = False
206.7162 	EXP 	grating: autoDraw = False
206.7165 	EXP 	window1: recordFrameIntervals = False
207.6918 	EXP 	fixation: autoDraw = True
208.6994 	EXP 	fixation: autoDraw = False
208.7163 	EXP 	grating: autoDraw = True
208.7163 	EXP 	grating: tex = 'sin'
209.0162 	EXP 	grating: autoDraw = False
209.0685 	EXP 	window1: recordFrameIntervals = False
209.0700 	DATA 	Keypress: left
209.0828 	EXP 	fixation: autoDraw = False
209.0828 	EXP 	grating: autoDraw = False
209.0831 	EXP 	window1: recordFrameIntervals = False
210.0573 	EXP 	fixation: autoDraw = True
211.0659 	EXP 	fixation: autoDraw = False
211.0828 	EXP 	grating: autoDraw = True
211.0828 	EXP 	grating: tex = 'sin'
211.3826 	EXP 	grating: autoDraw = False
211.4669 	EXP 	window1: recordFrameIntervals = False
211.4676 	DATA 	Keypress: right
211.4826 	EXP 	fixation: autoDraw = False
211.4826 	EXP 	grating: autoDraw = False
211.4829 	EXP 	window1: recordFrameIntervals = False
212.4565 	EXP 	fixation: autoDraw = True
213.4659 	EXP 	fixation: autoDraw = False
213.4659 	EXP 	grating: autoDraw = True
213.4659 	EXP 	grating: tex = 'sin'
213.7657 	EXP 	grating: autoDraw = False
213.9685 	EXP 	window1: recordFrameIntervals = False
213.9704 	DATA 	Keypress: right
213.9824 	EXP 	fixation: autoDraw = False
213.9824 	EXP 	grating: autoDraw = False
213.9827 	EXP 	window1: recordFrameIntervals = False
214.9578 	EXP 	fixation: autoDraw = True
215.9656 	EXP 	fixation: autoDraw = False
215.9825 	EXP 	grating: autoDraw = True
215.9825 	EXP 	grating: tex = 'sin'
216.2823 	EXP 	grating: autoDraw = False
216.4183 	DATA 	Keypress: right
216.4348 	EXP 	window1: recordFrameIntervals = False
216.4490 	EXP 	fixation: autoDraw = False
216.4490 	EXP 	grating: autoDraw = False
216.4493 	EXP 	window1: recordFrameIntervals = False
217.4240 	EXP 	fixation: autoDraw = True
218.4322 	EXP 	fixation: autoDraw = False
218.4490 	EXP 	grating: autoDraw = True
218.4490 	EXP 	grating: tex = 'sin'
218.7489 	EXP 	grating: autoDraw = False
218.8513 	EXP 	window1: recordFrameIntervals = False
218.8528 	DATA 	Keypress: left
218.8656 	EXP 	fixation: autoDraw = False
218.8656 	EXP 	grating: autoDraw = False
218.8659 	EXP 	window1: recordFrameIntervals = False
219.8404 	EXP 	fixation: autoDraw = True
220.8487 	EXP 	fixation: autoDraw = False
220.8656 	EXP 	grating: autoDraw = True
220.8656 	EXP 	grating: tex = 'sin'
221.1653 	EXP 	grating: autoDraw = False
221.2518 	EXP 	window1: recordFrameIntervals = False
221.2532 	DATA 	Keypress: left
221.2654 	EXP 	fixation: autoDraw = False
221.2654 	EXP 	grating: autoDraw = False
221.2657 	EXP 	window1: recordFrameIntervals = False
222.2407 	EXP 	fixation: autoDraw = True
223.2487 	EXP 	fixation: autoDraw = False
223.2655 	EXP 	grating: autoDraw = True
223.2655 	EXP 	grating: tex = 'sin'
223.5654 	EXP 	grating: autoDraw = False
223.6348 	EXP 	window1: recordFrameIntervals = False
223.6365 	DATA 	Keypress: left
223.6486 	EXP 	fixation: autoDraw = False
223.6486 	EXP 	grating: autoDraw = False
223.6489 	EXP 	window1: recordFrameIntervals = False
224.6246 	EXP 	fixation: autoDraw = True
225.6319 	EXP 	fixation: autoDraw = False
225.6487 	EXP 	grating: autoDraw = True
225.6487 	EXP 	grating: tex = 'sin'
225.9485 	EXP 	grating: autoDraw = False
226.1019 	EXP 	window1: recordFrameIntervals = False
226.1033 	DATA 	Keypress: right
226.1152 	EXP 	fixation: autoDraw = False
226.1152 	EXP 	grating: autoDraw = False
226.1156 	EXP 	window1: recordFrameIntervals = False
227.0922 	EXP 	fixation: autoDraw = True
228.0986 	EXP 	fixation: autoDraw = False
228.1152 	EXP 	grating: autoDraw = True
228.1152 	EXP 	grating: tex = 'sin'
228.4151 	EXP 	grating: autoDraw = False
228.5013 	EXP 	window1: recordFrameIntervals = False
228.5028 	DATA 	Keypress: left
228.5150 	EXP 	fixation: autoDraw = False
228.5150 	EXP 	grating: autoDraw = False
228.5153 	EXP 	window1: recordFrameIntervals = False
229.4912 	EXP 	fixation: autoDraw = True
230.4983 	EXP 	fixation: autoDraw = False
230.5151 	EXP 	grating: autoDraw = True
230.5151 	EXP 	grating: tex = 'sin'
230.8149 	EXP 	grating: autoDraw = False
230.9512 	EXP 	window1: recordFrameIntervals = False
230.9528 	DATA 	Keypress: left
230.9650 	EXP 	fixation: autoDraw = False
230.9650 	EXP 	grating: autoDraw = False
230.9653 	EXP 	window1: recordFrameIntervals = False
231.9408 	EXP 	fixation: autoDraw = True
232.9481 	EXP 	fixation: autoDraw = False
232.9650 	EXP 	grating: autoDraw = True
232.9650 	EXP 	grating: tex = 'sin'
233.2649 	EXP 	grating: autoDraw = False
233.3992 	EXP 	window1: recordFrameIntervals = False
233.3998 	DATA 	Keypress: right
233.4149 	EXP 	fixation: autoDraw = False
233.4149 	EXP 	grating: autoDraw = False
233.4152 	EXP 	window1: recordFrameIntervals = False
234.3890 	EXP 	fixation: autoDraw = True
235.3983 	EXP 	fixation: autoDraw = False
235.3983 	EXP 	grating: autoDraw = True
235.3983 	EXP 	grating: tex = 'sin'
235.6981 	EXP 	grating: autoDraw = False
235.8511 	EXP 	window1: recordFrameIntervals = False
235.8523 	DATA 	Keypress: right
235.8648 	EXP 	fixation: autoDraw = False
235.8648 	EXP 	grating: autoDraw = False
235.8650 	EXP 	window1: recordFrameIntervals = False
236.8397 	EXP 	fixation: autoDraw = True
237.8479 	EXP 	fixation: autoDraw = False
237.8647 	EXP 	grating: autoDraw = True
237.8647 	EXP 	grating: tex = 'sin'
238.1646 	EXP 	grating: autoDraw = False
238.4171 	DATA 	Keypress: right
238.4337 	EXP 	window1: recordFrameIntervals = False
238.4480 	EXP 	fixation: autoDraw = False
238.4480 	EXP 	grating: autoDraw = False
238.4482 	EXP 	window1: recordFrameIntervals = False
239.4217 	EXP 	fixation: autoDraw = True
240.4312 	EXP 	fixation: autoDraw = False
240.4480 	EXP 	grating: autoDraw = True
240.4480 	EXP 	grating: tex = 'sin'
240.7478 	EXP 	grating: autoDraw = False
240.8503 	EXP 	window1: recordFrameIntervals = False
240.8518 	DATA 	Keypress: right
240.8645 	EXP 	fixation: autoDraw = False
240.8645 	EXP 	grating: autoDraw = False
240.8648 	EXP 	window1: recordFrameIntervals = False
241.8399 	EXP 	fixation: autoDraw = True
242.8476 	EXP 	fixation: autoDraw = False
242.8645 	EXP 	grating: autoDraw = True
242.8645 	EXP 	grating: tex = 'sin'
243.1643 	EXP 	grating: autoDraw = False
243.3003 	EXP 	window1: recordFrameIntervals = False
243.3017 	DATA 	Keypress: left
243.3144 	EXP 	fixation: autoDraw = False
243.3144 	EXP 	grating: autoDraw = False
243.3147 	EXP 	window1: recordFrameIntervals = False
244.2890 	EXP 	fixation: autoDraw = True
245.2976 	EXP 	fixation: autoDraw = False
245.3144 	EXP 	grating: autoDraw = True
245.3144 	EXP 	grating: tex = 'sin'
245.6142 	EXP 	grating: autoDraw = False
245.6835 	EXP 	window1: recordFrameIntervals = False
245.6848 	DATA 	Keypress: right
245.6975 	EXP 	fixation: autoDraw = False
245.6975 	EXP 	grating: autoDraw = False
245.6978 	EXP 	window1: recordFrameIntervals = False
246.6740 	EXP 	fixation: autoDraw = True
247.6809 	EXP 	fixation: autoDraw = False
247.6976 	EXP 	grating: autoDraw = True
247.6976 	EXP 	grating: tex = 'sin'
247.9975 	EXP 	grating: autoDraw = False
248.0505 	DATA 	Keypress: left
248.0665 	EXP 	window1: recordFrameIntervals = False
248.0808 	EXP 	fixation: autoDraw = False
248.0808 	EXP 	grating: autoDraw = False
248.0811 	EXP 	window1: recordFrameIntervals = False
249.0556 	EXP 	fixation: autoDraw = True
250.0640 	EXP 	fixation: autoDraw = False
250.0809 	EXP 	grating: autoDraw = True
250.0809 	EXP 	grating: tex = 'sin'
250.3810 	EXP 	grating: autoDraw = False
250.5166 	EXP 	window1: recordFrameIntervals = False
250.5181 	DATA 	Keypress: left
250.5307 	EXP 	fixation: autoDraw = False
250.5307 	EXP 	grating: autoDraw = False
250.5311 	EXP 	window1: recordFrameIntervals = False
251.5060 	EXP 	fixation: autoDraw = True
252.5139 	EXP 	fixation: autoDraw = False
252.5307 	EXP 	grating: autoDraw = True
252.5307 	EXP 	grating: tex = 'sin'
252.8306 	EXP 	grating: autoDraw = False
252.9334 	DATA 	Keypress: right
252.9498 	EXP 	window1: recordFrameIntervals = False
252.9639 	EXP 	fixation: autoDraw = False
252.9639 	EXP 	grating: autoDraw = False
252.9642 	EXP 	window1: recordFrameIntervals = False
253.9381 	EXP 	fixation: autoDraw = True
254.9472 	EXP 	fixation: autoDraw = False
254.9640 	EXP 	grating: autoDraw = True
254.9640 	EXP 	grating: tex = 'sin'
255.2638 	EXP 	grating: autoDraw = False
255.4499 	EXP 	window1: recordFrameIntervals = False
255.4512 	DATA 	Keypress: right
255.4637 	EXP 	fixation: autoDraw = False
255.4637 	EXP 	grating: autoDraw = False
255.4640 	EXP 	window1: recordFrameIntervals = False
256.4388 	EXP 	fixation: autoDraw = True
257.4470 	EXP 	fixation: autoDraw = False
257.4639 	EXP 	grating: autoDraw = True
257.4639 	EXP 	grating: tex = 'sin'
257.7636 	EXP 	grating: autoDraw = False
257.8995 	DATA 	Keypress: right
257.9162 	EXP 	window1: recordFrameIntervals = False
257.9303 	EXP 	fixation: autoDraw = False
257.9303 	EXP 	grating: autoDraw = False
257.9307 	EXP 	window1: recordFrameIntervals = False
258.9050 	EXP 	fixation: autoDraw = True
259.9136 	EXP 	fixation: autoDraw = False
259.9304 	EXP 	grating: autoDraw = True
259.9304 	EXP 	grating: tex = 'sin'
260.2302 	EXP 	grating: autoDraw = False
260.3496 	EXP 	window1: recordFrameIntervals = False
260.3510 	DATA 	Keypress: right
260.3636 	EXP 	fixation: autoDraw = False
260.3636 	EXP 	grating: autoDraw = False
260.3639 	EXP 	window1: recordFrameIntervals = False
261.3395 	EXP 	fixation: autoDraw = True
262.3468 	EXP 	fixation: autoDraw = False
262.3637 	EXP 	grating: autoDraw = True
262.3637 	EXP 	grating: tex = 'sin'
262.6635 	EXP 	grating: autoDraw = False
262.7335 	EXP 	window1: recordFrameIntervals = False
262.7346 	DATA 	Keypress: right
262.7468 	EXP 	fixation: autoDraw = False
262.7468 	EXP 	grating: autoDraw = False
262.7471 	EXP 	window1: recordFrameIntervals = False
263.7234 	EXP 	fixation: autoDraw = True
264.7300 	EXP 	fixation: autoDraw = False
264.7469 	EXP 	grating: autoDraw = True
264.7469 	EXP 	grating: tex = 'sin'
265.0467 	EXP 	grating: autoDraw = False
265.2326 	DATA 	Keypress: left
265.2469 	EXP 	fixation: autoDraw = False
265.2469 	EXP 	grating: autoDraw = False
265.4073 	EXP 	window1: mouseVisible = True
